{"meta": {"format": 3, "version": "7.13.1", "timestamp": "2025-12-31T19:36:09.152549", "branch_coverage": false, "show_contexts": false}, "files": {"src/api/endpoints/runners/ec2/images/lambda/handler.py": {"executed_lines": [2, 3, 4, 5, 6, 7, 8, 9, 11, 13, 14, 16, 17, 20, 25, 30, 40, 42, 44, 49, 51, 54, 57, 74, 117, 133, 135, 136, 137, 139, 148, 149, 152, 154, 155, 156, 157, 164, 165, 166, 175, 176, 177, 183, 185, 186, 187, 188, 189, 190, 198, 199, 200, 201, 202, 211, 212, 218, 220, 221, 222, 225, 226, 230, 231, 233, 240, 246, 247, 248, 251, 253, 254, 255, 256, 259, 261, 262, 263, 267, 268, 269, 272, 279, 288], "summary": {"covered_lines": 85, "num_statements": 171, "percent_covered": 49.707602339181285, "percent_covered_display": "50", "missing_lines": 86, "excluded_lines": 0, "percent_statements_covered": 49.707602339181285, "percent_statements_covered_display": "50"}, "missing_lines": [22, 27, 32, 33, 34, 35, 36, 37, 43, 59, 60, 62, 63, 64, 65, 66, 67, 68, 69, 71, 78, 79, 81, 82, 83, 85, 86, 88, 89, 101, 102, 103, 104, 105, 107, 108, 109, 110, 111, 112, 114, 119, 120, 121, 122, 124, 125, 126, 127, 128, 129, 130, 178, 179, 180, 213, 214, 215, 223, 227, 228, 234, 235, 236, 237, 238, 264, 265, 290, 292, 293, 294, 296, 297, 299, 300, 301, 311, 313, 315, 316, 317, 319, 320, 322, 324], "excluded_lines": [], "functions": {"is_test_mode": {"executed_lines": [], "summary": {"covered_lines": 0, "num_statements": 1, "percent_covered": 0.0, "percent_covered_display": "0", "missing_lines": 1, "excluded_lines": 0, "percent_statements_covered": 0.0, "percent_statements_covered_display": "0"}, "missing_lines": [22], "excluded_lines": [], "start_line": 20}, "set_test_mode": {"executed_lines": [], "summary": {"covered_lines": 0, "num_statements": 1, "percent_covered": 0.0, "percent_covered_display": "0", "missing_lines": 1, "excluded_lines": 0, "percent_statements_covered": 0.0, "percent_statements_covered_display": "0"}, "missing_lines": [27], "excluded_lines": [], "start_line": 25}, "get_header_case_insensitive": {"executed_lines": [], "summary": {"covered_lines": 0, "num_statements": 6, "percent_covered": 0.0, "percent_covered_display": "0", "missing_lines": 6, "excluded_lines": 0, "percent_statements_covered": 0.0, "percent_statements_covered_display": "0"}, "missing_lines": [32, 33, 34, 35, 36, 37], "excluded_lines": [], "start_line": 30}, "get_ec2_client": {"executed_lines": [42, 44], "summary": {"covered_lines": 2, "num_statements": 3, "percent_covered": 66.66666666666667, "percent_covered_display": "67", "missing_lines": 1, "excluded_lines": 0, "percent_statements_covered": 66.66666666666667, "percent_statements_covered_display": "67"}, "missing_lines": [43], "excluded_lines": [], "start_line": 40}, "set_client": {"executed_lines": [51], "summary": {"covered_lines": 1, "num_statements": 1, "percent_covered": 100.0, "percent_covered_display": "100", "missing_lines": 0, "excluded_lines": 0, "percent_statements_covered": 100.0, "percent_statements_covered_display": "100"}, "missing_lines": [], "excluded_lines": [], "start_line": 49}, "get_github_token": {"executed_lines": [], "summary": {"covered_lines": 0, "num_statements": 11, "percent_covered": 0.0, "percent_covered_display": "0", "missing_lines": 11, "excluded_lines": 0, "percent_statements_covered": 0.0, "percent_statements_covered_display": "0"}, "missing_lines": [59, 60, 62, 63, 64, 65, 66, 67, 68, 69, 71], "excluded_lines": [], "start_line": 57}, "trigger_github_workflow": {"executed_lines": [], "summary": {"covered_lines": 0, "num_statements": 21, "percent_covered": 0.0, "percent_covered_display": "0", "missing_lines": 21, "excluded_lines": 0, "percent_statements_covered": 0.0, "percent_statements_covered_display": "0"}, "missing_lines": [78, 79, 81, 82, 83, 85, 86, 88, 89, 101, 102, 103, 104, 105, 107, 108, 109, 110, 111, 112, 114], "excluded_lines": [], "start_line": 74}, "handle_post_request": {"executed_lines": [], "summary": {"covered_lines": 0, "num_statements": 11, "percent_covered": 0.0, "percent_covered_display": "0", "missing_lines": 11, "excluded_lines": 0, "percent_statements_covered": 0.0, "percent_statements_covered_display": "0"}, "missing_lines": [119, 120, 121, 122, 124, 125, 126, 127, 128, 129, 130], "excluded_lines": [], "start_line": 117}, "launch_ami_builder": {"executed_lines": [135, 136, 137, 139, 148, 149], "summary": {"covered_lines": 6, "num_statements": 6, "percent_covered": 100.0, "percent_covered_display": "100", "missing_lines": 0, "excluded_lines": 0, "percent_statements_covered": 100.0, "percent_statements_covered_display": "100"}, "missing_lines": [], "excluded_lines": [], "start_line": 133}, "list_amis": {"executed_lines": [154, 155, 156, 157, 164, 165, 166, 175, 176, 177], "summary": {"covered_lines": 10, "num_statements": 13, "percent_covered": 76.92307692307692, "percent_covered_display": "77", "missing_lines": 3, "excluded_lines": 0, "percent_statements_covered": 76.92307692307692, "percent_statements_covered_display": "77"}, "missing_lines": [178, 179, 180], "excluded_lines": [], "start_line": 152}, "get_latest_ami_details": {"executed_lines": [185, 186, 187, 188, 189, 190, 198, 199, 200, 201, 202, 211, 212], "summary": {"covered_lines": 13, "num_statements": 16, "percent_covered": 81.25, "percent_covered_display": "81", "missing_lines": 3, "excluded_lines": 0, "percent_statements_covered": 81.25, "percent_statements_covered_display": "81"}, "missing_lines": [213, 214, 215], "excluded_lines": [], "start_line": 183}, "deregister_ami": {"executed_lines": [220, 221, 222, 225, 226, 230, 231, 233, 240, 246, 247, 248], "summary": {"covered_lines": 12, "num_statements": 20, "percent_covered": 60.0, "percent_covered_display": "60", "missing_lines": 8, "excluded_lines": 0, "percent_statements_covered": 60.0, "percent_statements_covered_display": "60"}, "missing_lines": [223, 227, 228, 234, 235, 236, 237, 238], "excluded_lines": [], "start_line": 218}, "handle_ec2_image_get": {"executed_lines": [253, 254, 255, 256], "summary": {"covered_lines": 4, "num_statements": 4, "percent_covered": 100.0, "percent_covered_display": "100", "missing_lines": 0, "excluded_lines": 0, "percent_statements_covered": 100.0, "percent_statements_covered_display": "100"}, "missing_lines": [], "excluded_lines": [], "start_line": 251}, "handle_ec2_image_delete": {"executed_lines": [261, 262, 263, 267, 268, 269], "summary": {"covered_lines": 6, "num_statements": 8, "percent_covered": 75.0, "percent_covered_display": "75", "missing_lines": 2, "excluded_lines": 0, "percent_statements_covered": 75.0, "percent_statements_covered_display": "75"}, "missing_lines": [264, 265], "excluded_lines": [], "start_line": 259}, "lambda_handler": {"executed_lines": [], "summary": {"covered_lines": 0, "num_statements": 18, "percent_covered": 0.0, "percent_covered_display": "0", "missing_lines": 18, "excluded_lines": 0, "percent_statements_covered": 0.0, "percent_statements_covered_display": "0"}, "missing_lines": [290, 292, 293, 294, 296, 297, 299, 300, 301, 311, 313, 315, 316, 317, 319, 320, 322, 324], "excluded_lines": [], "start_line": 288}, "": {"executed_lines": [2, 3, 4, 5, 6, 7, 8, 9, 11, 13, 14, 16, 17, 20, 25, 30, 40, 49, 54, 57, 74, 117, 133, 152, 183, 218, 251, 259, 272, 279, 288], "summary": {"covered_lines": 31, "num_statements": 31, "percent_covered": 100.0, "percent_covered_display": "100", "missing_lines": 0, "excluded_lines": 0, "percent_statements_covered": 100.0, "percent_statements_covered_display": "100"}, "missing_lines": [], "excluded_lines": [], "start_line": 1}}, "classes": {"": {"executed_lines": [2, 3, 4, 5, 6, 7, 8, 9, 11, 13, 14, 16, 17, 20, 25, 30, 40, 42, 44, 49, 51, 54, 57, 74, 117, 133, 135, 136, 137, 139, 148, 149, 152, 154, 155, 156, 157, 164, 165, 166, 175, 176, 177, 183, 185, 186, 187, 188, 189, 190, 198, 199, 200, 201, 202, 211, 212, 218, 220, 221, 222, 225, 226, 230, 231, 233, 240, 246, 247, 248, 251, 253, 254, 255, 256, 259, 261, 262, 263, 267, 268, 269, 272, 279, 288], "summary": {"covered_lines": 85, "num_statements": 171, "percent_covered": 49.707602339181285, "percent_covered_display": "50", "missing_lines": 86, "excluded_lines": 0, "percent_statements_covered": 49.707602339181285, "percent_statements_covered_display": "50"}, "missing_lines": [22, 27, 32, 33, 34, 35, 36, 37, 43, 59, 60, 62, 63, 64, 65, 66, 67, 68, 69, 71, 78, 79, 81, 82, 83, 85, 86, 88, 89, 101, 102, 103, 104, 105, 107, 108, 109, 110, 111, 112, 114, 119, 120, 121, 122, 124, 125, 126, 127, 128, 129, 130, 178, 179, 180, 213, 214, 215, 223, 227, 228, 234, 235, 236, 237, 238, 264, 265, 290, 292, 293, 294, 296, 297, 299, 300, 301, 311, 313, 315, 316, 317, 319, 320, 322, 324], "excluded_lines": [], "start_line": 1}}}, "src/api/endpoints/runners/ec2/images/post/build_ami.py": {"executed_lines": [3, 4, 5, 6, 7, 8, 9, 10, 11, 12, 13, 14, 15, 22, 25, 26, 29, 30, 31, 32, 33, 36, 37, 40, 41, 42, 43, 44, 45, 46, 49, 50, 53, 54, 55, 56, 59, 60, 63, 64, 65, 66, 69, 75, 77, 83, 84, 85, 88, 100, 105, 130, 143, 166, 174, 186, 193, 200, 202, 203, 206, 208, 209, 210, 213, 215, 216, 217, 218, 219, 220, 221, 222, 225, 226, 227, 230, 232, 233, 234, 235, 236, 237, 238, 243, 244, 245, 246, 248, 249, 250, 251, 252, 253, 259, 264, 265, 267, 268, 269, 272, 292, 299, 321, 323, 324, 325, 326, 327, 328, 331, 378, 409, 430], "summary": {"covered_lines": 114, "num_statements": 279, "percent_covered": 40.86021505376344, "percent_covered_display": "41", "missing_lines": 165, "excluded_lines": 0, "percent_statements_covered": 40.86021505376344, "percent_statements_covered_display": "41"}, "missing_lines": [71, 72, 90, 91, 92, 93, 94, 97, 102, 107, 108, 109, 110, 111, 117, 118, 127, 132, 133, 134, 135, 136, 137, 138, 139, 140, 145, 150, 151, 152, 153, 154, 155, 156, 157, 158, 159, 168, 169, 170, 171, 176, 177, 178, 183, 188, 189, 190, 195, 196, 197, 223, 224, 239, 240, 241, 242, 274, 275, 276, 277, 278, 279, 280, 281, 282, 283, 284, 285, 286, 287, 288, 289, 294, 295, 296, 301, 302, 303, 304, 305, 306, 307, 308, 309, 310, 311, 312, 313, 314, 315, 316, 317, 318, 333, 334, 335, 336, 337, 338, 339, 340, 341, 342, 343, 344, 345, 346, 350, 351, 352, 353, 354, 355, 358, 359, 360, 361, 362, 363, 372, 373, 380, 381, 382, 383, 385, 386, 387, 388, 389, 390, 391, 392, 393, 394, 395, 396, 397, 399, 400, 401, 402, 403, 404, 405, 406, 411, 412, 413, 414, 415, 416, 417, 418, 419, 420, 421, 422, 423, 424, 425, 426, 427, 431], "excluded_lines": [], "functions": {"get_vpc_from_subnet": {"executed_lines": [], "summary": {"covered_lines": 0, "num_statements": 2, "percent_covered": 0.0, "percent_covered_display": "0", "missing_lines": 2, "excluded_lines": 0, "percent_statements_covered": 0.0, "percent_statements_covered_display": "0"}, "missing_lines": [71, 72], "excluded_lines": [], "start_line": 69}, "lookup_source_ami": {"executed_lines": [77, 83, 84, 85], "summary": {"covered_lines": 4, "num_statements": 4, "percent_covered": 100.0, "percent_covered_display": "100", "missing_lines": 0, "excluded_lines": 0, "percent_statements_covered": 100.0, "percent_statements_covered_display": "100"}, "missing_lines": [], "excluded_lines": [], "start_line": 75}, "create_key_pair": {"executed_lines": [], "summary": {"covered_lines": 0, "num_statements": 6, "percent_covered": 0.0, "percent_covered_display": "0", "missing_lines": 6, "excluded_lines": 0, "percent_statements_covered": 0.0, "percent_statements_covered_display": "0"}, "missing_lines": [90, 91, 92, 93, 94, 97], "excluded_lines": [], "start_line": 88}, "delete_key_pair": {"executed_lines": [], "summary": {"covered_lines": 0, "num_statements": 1, "percent_covered": 0.0, "percent_covered_display": "0", "missing_lines": 1, "excluded_lines": 0, "percent_statements_covered": 0.0, "percent_statements_covered_display": "0"}, "missing_lines": [102], "excluded_lines": [], "start_line": 100}, "create_security_group": {"executed_lines": [], "summary": {"covered_lines": 0, "num_statements": 8, "percent_covered": 0.0, "percent_covered_display": "0", "missing_lines": 8, "excluded_lines": 0, "percent_statements_covered": 0.0, "percent_statements_covered_display": "0"}, "missing_lines": [107, 108, 109, 110, 111, 117, 118, 127], "excluded_lines": [], "start_line": 105}, "delete_security_group": {"executed_lines": [], "summary": {"covered_lines": 0, "num_statements": 9, "percent_covered": 0.0, "percent_covered_display": "0", "missing_lines": 9, "excluded_lines": 0, "percent_statements_covered": 0.0, "percent_statements_covered_display": "0"}, "missing_lines": [132, 133, 134, 135, 136, 137, 138, 139, 140], "excluded_lines": [], "start_line": 130}, "create_launch_template": {"executed_lines": [], "summary": {"covered_lines": 0, "num_statements": 11, "percent_covered": 0.0, "percent_covered_display": "0", "missing_lines": 11, "excluded_lines": 0, "percent_statements_covered": 0.0, "percent_statements_covered_display": "0"}, "missing_lines": [145, 150, 151, 152, 153, 154, 155, 156, 157, 158, 159], "excluded_lines": [], "start_line": 143}, "delete_launch_template": {"executed_lines": [], "summary": {"covered_lines": 0, "num_statements": 4, "percent_covered": 0.0, "percent_covered_display": "0", "missing_lines": 4, "excluded_lines": 0, "percent_statements_covered": 0.0, "percent_statements_covered_display": "0"}, "missing_lines": [168, 169, 170, 171], "excluded_lines": [], "start_line": 166}, "create_fleet_instance": {"executed_lines": [], "summary": {"covered_lines": 0, "num_statements": 4, "percent_covered": 0.0, "percent_covered_display": "0", "missing_lines": 4, "excluded_lines": 0, "percent_statements_covered": 0.0, "percent_statements_covered_display": "0"}, "missing_lines": [176, 177, 178, 183], "excluded_lines": [], "start_line": 174}, "wait_for_instance_running": {"executed_lines": [], "summary": {"covered_lines": 0, "num_statements": 3, "percent_covered": 0.0, "percent_covered_display": "0", "missing_lines": 3, "excluded_lines": 0, "percent_statements_covered": 0.0, "percent_statements_covered_display": "0"}, "missing_lines": [188, 189, 190], "excluded_lines": [], "start_line": 186}, "wait_for_status_checks": {"executed_lines": [], "summary": {"covered_lines": 0, "num_statements": 3, "percent_covered": 0.0, "percent_covered_display": "0", "missing_lines": 3, "excluded_lines": 0, "percent_statements_covered": 0.0, "percent_statements_covered_display": "0"}, "missing_lines": [195, 196, 197], "excluded_lines": [], "start_line": 193}, "get_instance_public_ip": {"executed_lines": [202, 203], "summary": {"covered_lines": 2, "num_statements": 2, "percent_covered": 100.0, "percent_covered_display": "100", "missing_lines": 0, "excluded_lines": 0, "percent_statements_covered": 100.0, "percent_statements_covered_display": "100"}, "missing_lines": [], "excluded_lines": [], "start_line": 200}, "wait_for_instance": {"executed_lines": [208, 209, 210], "summary": {"covered_lines": 3, "num_statements": 3, "percent_covered": 100.0, "percent_covered_display": "100", "missing_lines": 0, "excluded_lines": 0, "percent_statements_covered": 100.0, "percent_statements_covered_display": "100"}, "missing_lines": [], "excluded_lines": [], "start_line": 206}, "run_ssh_command": {"executed_lines": [215, 216, 217, 218, 219, 220, 221, 222, 225, 226, 227], "summary": {"covered_lines": 11, "num_statements": 13, "percent_covered": 84.61538461538461, "percent_covered_display": "85", "missing_lines": 2, "excluded_lines": 0, "percent_statements_covered": 84.61538461538461, "percent_statements_covered_display": "85"}, "missing_lines": [223, 224], "excluded_lines": [], "start_line": 213}, "run_script": {"executed_lines": [232, 233, 234, 235, 236, 237, 238, 243, 244, 245, 246, 248, 249, 250, 251, 252, 253, 259, 264, 265, 267, 268, 269], "summary": {"covered_lines": 23, "num_statements": 27, "percent_covered": 85.18518518518519, "percent_covered_display": "85", "missing_lines": 4, "excluded_lines": 0, "percent_statements_covered": 85.18518518518519, "percent_statements_covered_display": "85"}, "missing_lines": [239, 240, 241, 242], "excluded_lines": [], "start_line": 230}, "create_ami": {"executed_lines": [], "summary": {"covered_lines": 0, "num_statements": 16, "percent_covered": 0.0, "percent_covered_display": "0", "missing_lines": 16, "excluded_lines": 0, "percent_statements_covered": 0.0, "percent_statements_covered_display": "0"}, "missing_lines": [274, 275, 276, 277, 278, 279, 280, 281, 282, 283, 284, 285, 286, 287, 288, 289], "excluded_lines": [], "start_line": 272}, "terminate_instance": {"executed_lines": [], "summary": {"covered_lines": 0, "num_statements": 3, "percent_covered": 0.0, "percent_covered_display": "0", "missing_lines": 3, "excluded_lines": 0, "percent_statements_covered": 0.0, "percent_statements_covered_display": "0"}, "missing_lines": [294, 295, 296], "excluded_lines": [], "start_line": 292}, "cleanup": {"executed_lines": [], "summary": {"covered_lines": 0, "num_statements": 18, "percent_covered": 0.0, "percent_covered_display": "0", "missing_lines": 18, "excluded_lines": 0, "percent_statements_covered": 0.0, "percent_statements_covered_display": "0"}, "missing_lines": [301, 302, 303, 304, 305, 306, 307, 308, 309, 310, 311, 312, 313, 314, 315, 316, 317, 318], "excluded_lines": [], "start_line": 299}, "parse_tags": {"executed_lines": [323, 324, 325, 326, 327, 328], "summary": {"covered_lines": 6, "num_statements": 6, "percent_covered": 100.0, "percent_covered_display": "100", "missing_lines": 0, "excluded_lines": 0, "percent_statements_covered": 100.0, "percent_statements_covered_display": "100"}, "missing_lines": [], "excluded_lines": [], "start_line": 321}, "run_build": {"executed_lines": [], "summary": {"covered_lines": 0, "num_statements": 28, "percent_covered": 0.0, "percent_covered_display": "0", "missing_lines": 28, "excluded_lines": 0, "percent_statements_covered": 0.0, "percent_statements_covered_display": "0"}, "missing_lines": [333, 334, 335, 336, 337, 338, 339, 340, 341, 342, 343, 344, 345, 346, 350, 351, 352, 353, 354, 355, 358, 359, 360, 361, 362, 363, 372, 373], "excluded_lines": [], "start_line": 331}, "cmd_build": {"executed_lines": [], "summary": {"covered_lines": 0, "num_statements": 25, "percent_covered": 0.0, "percent_covered_display": "0", "missing_lines": 25, "excluded_lines": 0, "percent_statements_covered": 0.0, "percent_statements_covered_display": "0"}, "missing_lines": [380, 381, 382, 383, 385, 386, 387, 388, 389, 390, 391, 392, 393, 394, 395, 396, 397, 399, 400, 401, 402, 403, 404, 405, 406], "excluded_lines": [], "start_line": 378}, "main": {"executed_lines": [], "summary": {"covered_lines": 0, "num_statements": 17, "percent_covered": 0.0, "percent_covered_display": "0", "missing_lines": 17, "excluded_lines": 0, "percent_statements_covered": 0.0, "percent_statements_covered_display": "0"}, "missing_lines": [411, 412, 413, 414, 415, 416, 417, 418, 419, 420, 421, 422, 423, 424, 425, 426, 427], "excluded_lines": [], "start_line": 409}, "": {"executed_lines": [3, 4, 5, 6, 7, 8, 9, 10, 11, 12, 13, 14, 15, 22, 25, 26, 29, 30, 31, 32, 33, 36, 37, 40, 41, 42, 43, 44, 45, 46, 49, 50, 53, 54, 55, 56, 59, 60, 63, 64, 65, 66, 69, 75, 88, 100, 105, 130, 143, 166, 174, 186, 193, 200, 206, 213, 230, 272, 292, 299, 321, 331, 378, 409, 430], "summary": {"covered_lines": 65, "num_statements": 66, "percent_covered": 98.48484848484848, "percent_covered_display": "98", "missing_lines": 1, "excluded_lines": 0, "percent_statements_covered": 98.48484848484848, "percent_statements_covered_display": "98"}, "missing_lines": [431], "excluded_lines": [], "start_line": 1}}, "classes": {"LaunchTemplateParams": {"executed_lines": [], "summary": {"covered_lines": 0, "num_statements": 0, "percent_covered": 100.0, "percent_covered_display": "100", "missing_lines": 0, "excluded_lines": 0, "percent_statements_covered": 100.0, "percent_statements_covered_display": "100"}, "missing_lines": [], "excluded_lines": [], "start_line": 26}, "ScriptParams": {"executed_lines": [], "summary": {"covered_lines": 0, "num_statements": 0, "percent_covered": 100.0, "percent_covered_display": "100", "missing_lines": 0, "excluded_lines": 0, "percent_statements_covered": 100.0, "percent_statements_covered_display": "100"}, "missing_lines": [], "excluded_lines": [], "start_line": 37}, "BuildState": {"executed_lines": [], "summary": {"covered_lines": 0, "num_statements": 0, "percent_covered": 100.0, "percent_covered_display": "100", "missing_lines": 0, "excluded_lines": 0, "percent_statements_covered": 100.0, "percent_statements_covered_display": "100"}, "missing_lines": [], "excluded_lines": [], "start_line": 50}, "BuildContext": {"executed_lines": [], "summary": {"covered_lines": 0, "num_statements": 0, "percent_covered": 100.0, "percent_covered_display": "100", "missing_lines": 0, "excluded_lines": 0, "percent_statements_covered": 100.0, "percent_statements_covered_display": "100"}, "missing_lines": [], "excluded_lines": [], "start_line": 60}, "": {"executed_lines": [3, 4, 5, 6, 7, 8, 9, 10, 11, 12, 13, 14, 15, 22, 25, 26, 29, 30, 31, 32, 33, 36, 37, 40, 41, 42, 43, 44, 45, 46, 49, 50, 53, 54, 55, 56, 59, 60, 63, 64, 65, 66, 69, 75, 77, 83, 84, 85, 88, 100, 105, 130, 143, 166, 174, 186, 193, 200, 202, 203, 206, 208, 209, 210, 213, 215, 216, 217, 218, 219, 220, 221, 222, 225, 226, 227, 230, 232, 233, 234, 235, 236, 237, 238, 243, 244, 245, 246, 248, 249, 250, 251, 252, 253, 259, 264, 265, 267, 268, 269, 272, 292, 299, 321, 323, 324, 325, 326, 327, 328, 331, 378, 409, 430], "summary": {"covered_lines": 114, "num_statements": 279, "percent_covered": 40.86021505376344, "percent_covered_display": "41", "missing_lines": 165, "excluded_lines": 0, "percent_statements_covered": 40.86021505376344, "percent_statements_covered_display": "41"}, "missing_lines": [71, 72, 90, 91, 92, 93, 94, 97, 102, 107, 108, 109, 110, 111, 117, 118, 127, 132, 133, 134, 135, 136, 137, 138, 139, 140, 145, 150, 151, 152, 153, 154, 155, 156, 157, 158, 159, 168, 169, 170, 171, 176, 177, 178, 183, 188, 189, 190, 195, 196, 197, 223, 224, 239, 240, 241, 242, 274, 275, 276, 277, 278, 279, 280, 281, 282, 283, 284, 285, 286, 287, 288, 289, 294, 295, 296, 301, 302, 303, 304, 305, 306, 307, 308, 309, 310, 311, 312, 313, 314, 315, 316, 317, 318, 333, 334, 335, 336, 337, 338, 339, 340, 341, 342, 343, 344, 345, 346, 350, 351, 352, 353, 354, 355, 358, 359, 360, 361, 362, 363, 372, 373, 380, 381, 382, 383, 385, 386, 387, 388, 389, 390, 391, 392, 393, 394, 395, 396, 397, 399, 400, 401, 402, 403, 404, 405, 406, 411, 412, 413, 414, 415, 416, 417, 418, 419, 420, 421, 422, 423, 424, 425, 426, 427, 431], "excluded_lines": [], "start_line": 1}}}, "src/api/endpoints/runners/ec2/images/post/cleanup.py": {"executed_lines": [3, 4, 5, 6, 7, 9, 10, 13, 14, 17, 18, 19, 20, 21, 22, 23, 26, 28, 29, 30, 31, 32, 33, 34, 37, 39, 40, 41, 49, 50, 51, 52, 53, 55, 56, 57, 58, 61, 63, 64, 65, 66, 67, 68, 69, 70, 71, 72, 73, 74, 75, 76, 79, 81, 82, 83, 84, 85, 86, 87, 90, 92, 93, 94, 95, 96, 97, 98, 99, 100, 103, 105, 106, 107, 108, 109, 112, 114, 115, 120, 122, 123, 124, 125, 126, 127, 128, 129, 130, 131, 132, 133, 134, 135, 136, 137, 138, 139, 141, 142, 143, 146, 149, 151, 152, 153, 154, 155, 157, 158, 159, 160, 161, 162, 165, 167, 168, 169, 170, 171, 174, 176, 177, 178, 179, 180, 181, 182, 183, 186, 188, 189, 190, 191, 197, 198, 199, 200, 201, 202, 203, 204, 205, 206, 207, 208, 211, 213, 214, 215, 216, 217, 222, 223, 224, 225, 226, 227, 228, 229, 230, 231, 232, 233, 234, 236, 237, 238, 239, 240, 241, 244, 247, 249, 250, 251, 252, 253, 258, 259, 260, 261, 262, 263, 264, 265, 266, 267, 268, 269, 271, 272, 273, 274, 275, 276, 279, 281, 282, 283, 284, 285, 294, 295, 296, 297, 298, 299, 300, 301, 302, 303, 304, 305, 307, 308, 309, 310, 311, 312, 315, 317, 318, 319, 320, 321, 326, 327, 328, 329, 330, 331, 332, 333, 334, 335, 336, 337, 338, 340, 341, 342, 343, 344, 345, 348, 359, 361, 362, 365, 384, 398, 409, 411, 412, 413, 414, 415, 416, 419, 429, 510, 572], "summary": {"covered_lines": 263, "num_statements": 361, "percent_covered": 72.85318559556787, "percent_covered_display": "73", "missing_lines": 98, "excluded_lines": 0, "percent_statements_covered": 72.85318559556787, "percent_statements_covered_display": "73"}, "missing_lines": [116, 117, 144, 145, 243, 350, 351, 352, 353, 354, 355, 356, 367, 368, 369, 370, 371, 372, 373, 374, 375, 376, 377, 378, 379, 380, 381, 386, 387, 389, 390, 391, 392, 394, 395, 400, 401, 402, 403, 404, 405, 406, 421, 422, 426, 431, 433, 434, 435, 436, 437, 438, 440, 441, 443, 445, 449, 450, 452, 453, 455, 456, 457, 458, 459, 468, 469, 470, 472, 473, 474, 475, 476, 477, 482, 483, 488, 489, 494, 495, 500, 501, 506, 507, 512, 515, 520, 525, 530, 535, 540, 545, 550, 555, 561, 568, 569, 573], "excluded_lines": [], "functions": {"has_excluded_tags": {"executed_lines": [28, 29, 30, 31, 32, 33, 34], "summary": {"covered_lines": 7, "num_statements": 7, "percent_covered": 100.0, "percent_covered_display": "100", "missing_lines": 0, "excluded_lines": 0, "percent_statements_covered": 100.0, "percent_statements_covered_display": "100"}, "missing_lines": [], "excluded_lines": [], "start_line": 26}, "get_latest_ami_id": {"executed_lines": [39, 40, 41, 49, 50, 51, 52, 53, 55, 56, 57, 58], "summary": {"covered_lines": 12, "num_statements": 12, "percent_covered": 100.0, "percent_covered_display": "100", "missing_lines": 0, "excluded_lines": 0, "percent_statements_covered": 100.0, "percent_statements_covered_display": "100"}, "missing_lines": [], "excluded_lines": [], "start_line": 37}, "get_latest_snapshot_ids": {"executed_lines": [63, 64, 65, 66, 67, 68, 69, 70, 71, 72, 73, 74, 75, 76], "summary": {"covered_lines": 14, "num_statements": 14, "percent_covered": 100.0, "percent_covered_display": "100", "missing_lines": 0, "excluded_lines": 0, "percent_statements_covered": 100.0, "percent_statements_covered_display": "100"}, "missing_lines": [], "excluded_lines": [], "start_line": 61}, "get_snapshot_ids_for_ami": {"executed_lines": [81, 82, 83, 84, 85, 86, 87], "summary": {"covered_lines": 7, "num_statements": 7, "percent_covered": 100.0, "percent_covered_display": "100", "missing_lines": 0, "excluded_lines": 0, "percent_statements_covered": 100.0, "percent_statements_covered_display": "100"}, "missing_lines": [], "excluded_lines": [], "start_line": 79}, "_collect_images_by_filter": {"executed_lines": [92, 93, 94, 95, 96, 97, 98, 99, 100], "summary": {"covered_lines": 9, "num_statements": 9, "percent_covered": 100.0, "percent_covered_display": "100", "missing_lines": 0, "excluded_lines": 0, "percent_statements_covered": 100.0, "percent_statements_covered_display": "100"}, "missing_lines": [], "excluded_lines": [], "start_line": 90}, "find_amis_by_tags": {"executed_lines": [105, 106, 107, 108, 109], "summary": {"covered_lines": 5, "num_statements": 5, "percent_covered": 100.0, "percent_covered_display": "100", "missing_lines": 0, "excluded_lines": 0, "percent_statements_covered": 100.0, "percent_statements_covered_display": "100"}, "missing_lines": [], "excluded_lines": [], "start_line": 103}, "find_amis_by_name_prefix": {"executed_lines": [114, 115], "summary": {"covered_lines": 2, "num_statements": 4, "percent_covered": 50.0, "percent_covered_display": "50", "missing_lines": 2, "excluded_lines": 0, "percent_statements_covered": 50.0, "percent_statements_covered_display": "50"}, "missing_lines": [116, 117], "excluded_lines": [], "start_line": 112}, "cleanup_amis": {"executed_lines": [122, 123, 124, 125, 126, 127, 128, 129, 130, 131, 132, 133, 134, 135, 136, 137, 138, 139, 141, 142, 143, 146], "summary": {"covered_lines": 22, "num_statements": 24, "percent_covered": 91.66666666666667, "percent_covered_display": "92", "missing_lines": 2, "excluded_lines": 0, "percent_statements_covered": 91.66666666666667, "percent_statements_covered_display": "92"}, "missing_lines": [144, 145], "excluded_lines": [], "start_line": 120}, "cleanup_snapshots": {"executed_lines": [151, 152, 153, 154, 155, 157, 158, 159, 160, 161, 162], "summary": {"covered_lines": 11, "num_statements": 11, "percent_covered": 100.0, "percent_covered_display": "100", "missing_lines": 0, "excluded_lines": 0, "percent_statements_covered": 100.0, "percent_statements_covered_display": "100"}, "missing_lines": [], "excluded_lines": [], "start_line": 149}, "extract_ami_id_from_description": {"executed_lines": [167, 168, 169, 170, 171], "summary": {"covered_lines": 5, "num_statements": 5, "percent_covered": 100.0, "percent_covered_display": "100", "missing_lines": 0, "excluded_lines": 0, "percent_statements_covered": 100.0, "percent_statements_covered_display": "100"}, "missing_lines": [], "excluded_lines": [], "start_line": 165}, "get_existing_ami_ids": {"executed_lines": [176, 177, 178, 179, 180, 181, 182, 183], "summary": {"covered_lines": 8, "num_statements": 8, "percent_covered": 100.0, "percent_covered_display": "100", "missing_lines": 0, "excluded_lines": 0, "percent_statements_covered": 100.0, "percent_statements_covered_display": "100"}, "missing_lines": [], "excluded_lines": [], "start_line": 174}, "find_orphaned_snapshots": {"executed_lines": [188, 189, 190, 191, 197, 198, 199, 200, 201, 202, 203, 204, 205, 206, 207, 208], "summary": {"covered_lines": 16, "num_statements": 16, "percent_covered": 100.0, "percent_covered_display": "100", "missing_lines": 0, "excluded_lines": 0, "percent_statements_covered": 100.0, "percent_statements_covered_display": "100"}, "missing_lines": [], "excluded_lines": [], "start_line": 186}, "cleanup_security_groups": {"executed_lines": [213, 214, 215, 216, 217, 222, 223, 224, 225, 226, 227, 228, 229, 230, 231, 232, 233, 234, 236, 237, 238, 239, 240, 241, 244], "summary": {"covered_lines": 25, "num_statements": 26, "percent_covered": 96.15384615384616, "percent_covered_display": "96", "missing_lines": 1, "excluded_lines": 0, "percent_statements_covered": 96.15384615384616, "percent_statements_covered_display": "96"}, "missing_lines": [243], "excluded_lines": [], "start_line": 211}, "cleanup_key_pairs": {"executed_lines": [249, 250, 251, 252, 253, 258, 259, 260, 261, 262, 263, 264, 265, 266, 267, 268, 269, 271, 272, 273, 274, 275, 276], "summary": {"covered_lines": 23, "num_statements": 23, "percent_covered": 100.0, "percent_covered_display": "100", "missing_lines": 0, "excluded_lines": 0, "percent_statements_covered": 100.0, "percent_statements_covered_display": "100"}, "missing_lines": [], "excluded_lines": [], "start_line": 247}, "cleanup_instances": {"executed_lines": [281, 282, 283, 284, 285, 294, 295, 296, 297, 298, 299, 300, 301, 302, 303, 304, 305, 307, 308, 309, 310, 311, 312], "summary": {"covered_lines": 23, "num_statements": 23, "percent_covered": 100.0, "percent_covered_display": "100", "missing_lines": 0, "excluded_lines": 0, "percent_statements_covered": 100.0, "percent_statements_covered_display": "100"}, "missing_lines": [], "excluded_lines": [], "start_line": 279}, "cleanup_launch_templates": {"executed_lines": [317, 318, 319, 320, 321, 326, 327, 328, 329, 330, 331, 332, 333, 334, 335, 336, 337, 338, 340, 341, 342, 343, 344, 345], "summary": {"covered_lines": 24, "num_statements": 24, "percent_covered": 100.0, "percent_covered_display": "100", "missing_lines": 0, "excluded_lines": 0, "percent_statements_covered": 100.0, "percent_statements_covered_display": "100"}, "missing_lines": [], "excluded_lines": [], "start_line": 315}, "run_cleanup": {"executed_lines": [], "summary": {"covered_lines": 0, "num_statements": 7, "percent_covered": 0.0, "percent_covered_display": "0", "missing_lines": 7, "excluded_lines": 0, "percent_statements_covered": 0.0, "percent_statements_covered_display": "0"}, "missing_lines": [350, 351, 352, 353, 354, 355, 356], "excluded_lines": [], "start_line": 348}, "load_config": {"executed_lines": [361, 362], "summary": {"covered_lines": 2, "num_statements": 2, "percent_covered": 100.0, "percent_covered_display": "100", "missing_lines": 0, "excluded_lines": 0, "percent_statements_covered": 100.0, "percent_statements_covered_display": "100"}, "missing_lines": [], "excluded_lines": [], "start_line": 359}, "print_header": {"executed_lines": [], "summary": {"covered_lines": 0, "num_statements": 15, "percent_covered": 0.0, "percent_covered_display": "0", "missing_lines": 15, "excluded_lines": 0, "percent_statements_covered": 0.0, "percent_statements_covered_display": "0"}, "missing_lines": [367, 368, 369, 370, 371, 372, 373, 374, 375, 376, 377, 378, 379, 380, 381], "excluded_lines": [], "start_line": 365}, "print_protected_resources": {"executed_lines": [], "summary": {"covered_lines": 0, "num_statements": 8, "percent_covered": 0.0, "percent_covered_display": "0", "missing_lines": 8, "excluded_lines": 0, "percent_statements_covered": 0.0, "percent_statements_covered_display": "0"}, "missing_lines": [386, 387, 389, 390, 391, 392, 394, 395], "excluded_lines": [], "start_line": 384}, "print_summary": {"executed_lines": [], "summary": {"covered_lines": 0, "num_statements": 7, "percent_covered": 0.0, "percent_covered_display": "0", "missing_lines": 7, "excluded_lines": 0, "percent_statements_covered": 0.0, "percent_statements_covered_display": "0"}, "missing_lines": [400, 401, 402, 403, 404, 405, 406], "excluded_lines": [], "start_line": 398}, "parse_tags": {"executed_lines": [411, 412, 413, 414, 415, 416], "summary": {"covered_lines": 6, "num_statements": 6, "percent_covered": 100.0, "percent_covered_display": "100", "missing_lines": 0, "excluded_lines": 0, "percent_statements_covered": 100.0, "percent_statements_covered_display": "100"}, "missing_lines": [], "excluded_lines": [], "start_line": 409}, "get_resource_types": {"executed_lines": [], "summary": {"covered_lines": 0, "num_statements": 3, "percent_covered": 0.0, "percent_covered_display": "0", "missing_lines": 3, "excluded_lines": 0, "percent_statements_covered": 0.0, "percent_statements_covered_display": "0"}, "missing_lines": [421, 422, 426], "excluded_lines": [], "start_line": 419}, "handle_ami_cleanup": {"executed_lines": [], "summary": {"covered_lines": 0, "num_statements": 39, "percent_covered": 0.0, "percent_covered_display": "0", "missing_lines": 39, "excluded_lines": 0, "percent_statements_covered": 0.0, "percent_statements_covered_display": "0"}, "missing_lines": [431, 433, 434, 435, 436, 437, 438, 440, 441, 443, 445, 449, 450, 452, 453, 455, 456, 457, 458, 459, 468, 469, 470, 472, 473, 474, 475, 476, 477, 482, 483, 488, 489, 494, 495, 500, 501, 506, 507], "excluded_lines": [], "start_line": 429}, "main": {"executed_lines": [], "summary": {"covered_lines": 0, "num_statements": 13, "percent_covered": 0.0, "percent_covered_display": "0", "missing_lines": 13, "excluded_lines": 0, "percent_statements_covered": 0.0, "percent_statements_covered_display": "0"}, "missing_lines": [512, 515, 520, 525, 530, 535, 540, 545, 550, 555, 561, 568, 569], "excluded_lines": [], "start_line": 510}, "": {"executed_lines": [3, 4, 5, 6, 7, 9, 10, 13, 14, 17, 18, 19, 20, 21, 22, 23, 26, 37, 61, 79, 90, 103, 112, 120, 149, 165, 174, 186, 211, 247, 279, 315, 348, 359, 365, 384, 398, 409, 419, 429, 510, 572], "summary": {"covered_lines": 42, "num_statements": 43, "percent_covered": 97.67441860465117, "percent_covered_display": "98", "missing_lines": 1, "excluded_lines": 0, "percent_statements_covered": 97.67441860465117, "percent_statements_covered_display": "98"}, "missing_lines": [573], "excluded_lines": [], "start_line": 1}}, "classes": {"AmiCleanupParams": {"executed_lines": [], "summary": {"covered_lines": 0, "num_statements": 0, "percent_covered": 100.0, "percent_covered_display": "100", "missing_lines": 0, "excluded_lines": 0, "percent_statements_covered": 100.0, "percent_statements_covered_display": "100"}, "missing_lines": [], "excluded_lines": [], "start_line": 14}, "": {"executed_lines": [3, 4, 5, 6, 7, 9, 10, 13, 14, 17, 18, 19, 20, 21, 22, 23, 26, 28, 29, 30, 31, 32, 33, 34, 37, 39, 40, 41, 49, 50, 51, 52, 53, 55, 56, 57, 58, 61, 63, 64, 65, 66, 67, 68, 69, 70, 71, 72, 73, 74, 75, 76, 79, 81, 82, 83, 84, 85, 86, 87, 90, 92, 93, 94, 95, 96, 97, 98, 99, 100, 103, 105, 106, 107, 108, 109, 112, 114, 115, 120, 122, 123, 124, 125, 126, 127, 128, 129, 130, 131, 132, 133, 134, 135, 136, 137, 138, 139, 141, 142, 143, 146, 149, 151, 152, 153, 154, 155, 157, 158, 159, 160, 161, 162, 165, 167, 168, 169, 170, 171, 174, 176, 177, 178, 179, 180, 181, 182, 183, 186, 188, 189, 190, 191, 197, 198, 199, 200, 201, 202, 203, 204, 205, 206, 207, 208, 211, 213, 214, 215, 216, 217, 222, 223, 224, 225, 226, 227, 228, 229, 230, 231, 232, 233, 234, 236, 237, 238, 239, 240, 241, 244, 247, 249, 250, 251, 252, 253, 258, 259, 260, 261, 262, 263, 264, 265, 266, 267, 268, 269, 271, 272, 273, 274, 275, 276, 279, 281, 282, 283, 284, 285, 294, 295, 296, 297, 298, 299, 300, 301, 302, 303, 304, 305, 307, 308, 309, 310, 311, 312, 315, 317, 318, 319, 320, 321, 326, 327, 328, 329, 330, 331, 332, 333, 334, 335, 336, 337, 338, 340, 341, 342, 343, 344, 345, 348, 359, 361, 362, 365, 384, 398, 409, 411, 412, 413, 414, 415, 416, 419, 429, 510, 572], "summary": {"covered_lines": 263, "num_statements": 361, "percent_covered": 72.85318559556787, "percent_covered_display": "73", "missing_lines": 98, "excluded_lines": 0, "percent_statements_covered": 72.85318559556787, "percent_statements_covered_display": "73"}, "missing_lines": [116, 117, 144, 145, 243, 350, 351, 352, 353, 354, 355, 356, 367, 368, 369, 370, 371, 372, 373, 374, 375, 376, 377, 378, 379, 380, 381, 386, 387, 389, 390, 391, 392, 394, 395, 400, 401, 402, 403, 404, 405, 406, 421, 422, 426, 431, 433, 434, 435, 436, 437, 438, 440, 441, 443, 445, 449, 450, 452, 453, 455, 456, 457, 458, 459, 468, 469, 470, 472, 473, 474, 475, 476, 477, 482, 483, 488, 489, 494, 495, 500, 501, 506, 507, 512, 515, 520, 525, 530, 535, 540, 545, 550, 555, 561, 568, 569, 573], "excluded_lines": [], "start_line": 1}}}, "src/api/endpoints/runners/ec2/images/post/promote_ami.py": {"executed_lines": [3, 4, 5, 6, 9, 11, 13, 15, 16, 17, 21, 22, 23, 24, 26, 29, 41], "summary": {"covered_lines": 17, "num_statements": 25, "percent_covered": 68.0, "percent_covered_display": "68", "missing_lines": 8, "excluded_lines": 0, "percent_statements_covered": 68.0, "percent_statements_covered_display": "68"}, "missing_lines": [31, 32, 33, 34, 35, 37, 38, 42], "excluded_lines": [], "functions": {"promote_ami": {"executed_lines": [11, 13, 15, 16, 17, 21, 22, 23, 24, 26], "summary": {"covered_lines": 10, "num_statements": 10, "percent_covered": 100.0, "percent_covered_display": "100", "missing_lines": 0, "excluded_lines": 0, "percent_statements_covered": 100.0, "percent_statements_covered_display": "100"}, "missing_lines": [], "excluded_lines": [], "start_line": 9}, "main": {"executed_lines": [], "summary": {"covered_lines": 0, "num_statements": 7, "percent_covered": 0.0, "percent_covered_display": "0", "missing_lines": 7, "excluded_lines": 0, "percent_statements_covered": 0.0, "percent_statements_covered_display": "0"}, "missing_lines": [31, 32, 33, 34, 35, 37, 38], "excluded_lines": [], "start_line": 29}, "": {"executed_lines": [3, 4, 5, 6, 9, 29, 41], "summary": {"covered_lines": 7, "num_statements": 8, "percent_covered": 87.5, "percent_covered_display": "88", "missing_lines": 1, "excluded_lines": 0, "percent_statements_covered": 87.5, "percent_statements_covered_display": "88"}, "missing_lines": [42], "excluded_lines": [], "start_line": 1}}, "classes": {"": {"executed_lines": [3, 4, 5, 6, 9, 11, 13, 15, 16, 17, 21, 22, 23, 24, 26, 29, 41], "summary": {"covered_lines": 17, "num_statements": 25, "percent_covered": 68.0, "percent_covered_display": "68", "missing_lines": 8, "excluded_lines": 0, "percent_statements_covered": 68.0, "percent_statements_covered_display": "68"}, "missing_lines": [31, 32, 33, 34, 35, 37, 38, 42], "excluded_lines": [], "start_line": 1}}}, "src/api/endpoints/runners/ec2/images/post/setup.py": {"executed_lines": [], "summary": {"covered_lines": 0, "num_statements": 122, "percent_covered": 0.0, "percent_covered_display": "0", "missing_lines": 122, "excluded_lines": 0, "percent_statements_covered": 0.0, "percent_statements_covered_display": "0"}, "missing_lines": [3, 4, 5, 6, 9, 11, 12, 19, 20, 21, 22, 23, 24, 25, 28, 30, 35, 37, 38, 39, 40, 41, 44, 46, 47, 48, 49, 50, 56, 59, 61, 62, 63, 65, 66, 67, 74, 77, 79, 80, 95, 96, 99, 101, 121, 124, 126, 127, 128, 131, 133, 136, 138, 141, 143, 146, 148, 150, 151, 154, 156, 158, 159, 160, 163, 165, 167, 168, 169, 172, 174, 175, 178, 180, 182, 183, 184, 186, 189, 191, 193, 194, 195, 198, 200, 202, 203, 206, 208, 209, 210, 213, 215, 218, 220, 221, 222, 223, 224, 225, 227, 228, 230, 231, 232, 233, 234, 235, 236, 237, 238, 239, 240, 241, 242, 243, 244, 245, 246, 248, 251, 252], "excluded_lines": [], "functions": {"run": {"executed_lines": [], "summary": {"covered_lines": 0, "num_statements": 9, "percent_covered": 0.0, "percent_covered_display": "0", "missing_lines": 9, "excluded_lines": 0, "percent_statements_covered": 0.0, "percent_statements_covered_display": "0"}, "missing_lines": [11, 12, 19, 20, 21, 22, 23, 24, 25], "excluded_lines": [], "start_line": 9}, "get_arch": {"executed_lines": [], "summary": {"covered_lines": 0, "num_statements": 1, "percent_covered": 0.0, "percent_covered_display": "0", "missing_lines": 1, "excluded_lines": 0, "percent_statements_covered": 0.0, "percent_statements_covered_display": "0"}, "missing_lines": [30], "excluded_lines": [], "start_line": 28}, "get_version_codename": {"executed_lines": [], "summary": {"covered_lines": 0, "num_statements": 5, "percent_covered": 0.0, "percent_covered_display": "0", "missing_lines": 5, "excluded_lines": 0, "percent_statements_covered": 0.0, "percent_statements_covered_display": "0"}, "missing_lines": [37, 38, 39, 40, 41], "excluded_lines": [], "start_line": 35}, "add_docker_apt_repository": {"executed_lines": [], "summary": {"covered_lines": 0, "num_statements": 6, "percent_covered": 0.0, "percent_covered_display": "0", "missing_lines": 6, "excluded_lines": 0, "percent_statements_covered": 0.0, "percent_statements_covered_display": "0"}, "missing_lines": [46, 47, 48, 49, 50, 56], "excluded_lines": [], "start_line": 44}, "add_github_cli_apt_repository": {"executed_lines": [], "summary": {"covered_lines": 0, "num_statements": 7, "percent_covered": 0.0, "percent_covered_display": "0", "missing_lines": 7, "excluded_lines": 0, "percent_statements_covered": 0.0, "percent_statements_covered_display": "0"}, "missing_lines": [61, 62, 63, 65, 66, 67, 74], "excluded_lines": [], "start_line": 59}, "install_system_packages": {"executed_lines": [], "summary": {"covered_lines": 0, "num_statements": 4, "percent_covered": 0.0, "percent_covered_display": "0", "missing_lines": 4, "excluded_lines": 0, "percent_statements_covered": 0.0, "percent_statements_covered_display": "0"}, "missing_lines": [79, 80, 95, 96], "excluded_lines": [], "start_line": 77}, "install_python_packages": {"executed_lines": [], "summary": {"covered_lines": 0, "num_statements": 2, "percent_covered": 0.0, "percent_covered_display": "0", "missing_lines": 2, "excluded_lines": 0, "percent_statements_covered": 0.0, "percent_statements_covered_display": "0"}, "missing_lines": [101, 121], "excluded_lines": [], "start_line": 99}, "install_yq": {"executed_lines": [], "summary": {"covered_lines": 0, "num_statements": 3, "percent_covered": 0.0, "percent_covered_display": "0", "missing_lines": 3, "excluded_lines": 0, "percent_statements_covered": 0.0, "percent_statements_covered_display": "0"}, "missing_lines": [126, 127, 128], "excluded_lines": [], "start_line": 124}, "install_eslint": {"executed_lines": [], "summary": {"covered_lines": 0, "num_statements": 1, "percent_covered": 0.0, "percent_covered_display": "0", "missing_lines": 1, "excluded_lines": 0, "percent_statements_covered": 0.0, "percent_statements_covered_display": "0"}, "missing_lines": [133], "excluded_lines": [], "start_line": 131}, "install_jscpd": {"executed_lines": [], "summary": {"covered_lines": 0, "num_statements": 1, "percent_covered": 0.0, "percent_covered_display": "0", "missing_lines": 1, "excluded_lines": 0, "percent_statements_covered": 0.0, "percent_statements_covered_display": "0"}, "missing_lines": [138], "excluded_lines": [], "start_line": 136}, "install_jsonlint": {"executed_lines": [], "summary": {"covered_lines": 0, "num_statements": 1, "percent_covered": 0.0, "percent_covered_display": "0", "missing_lines": 1, "excluded_lines": 0, "percent_statements_covered": 0.0, "percent_statements_covered_display": "0"}, "missing_lines": [143], "excluded_lines": [], "start_line": 141}, "install_hadolint": {"executed_lines": [], "summary": {"covered_lines": 0, "num_statements": 3, "percent_covered": 0.0, "percent_covered_display": "0", "missing_lines": 3, "excluded_lines": 0, "percent_statements_covered": 0.0, "percent_statements_covered_display": "0"}, "missing_lines": [148, 150, 151], "excluded_lines": [], "start_line": 146}, "install_terraform": {"executed_lines": [], "summary": {"covered_lines": 0, "num_statements": 4, "percent_covered": 0.0, "percent_covered_display": "0", "missing_lines": 4, "excluded_lines": 0, "percent_statements_covered": 0.0, "percent_statements_covered_display": "0"}, "missing_lines": [156, 158, 159, 160], "excluded_lines": [], "start_line": 154}, "install_tflint": {"executed_lines": [], "summary": {"covered_lines": 0, "num_statements": 4, "percent_covered": 0.0, "percent_covered_display": "0", "missing_lines": 4, "excluded_lines": 0, "percent_statements_covered": 0.0, "percent_statements_covered_display": "0"}, "missing_lines": [165, 167, 168, 169], "excluded_lines": [], "start_line": 163}, "create_runner_user": {"executed_lines": [], "summary": {"covered_lines": 0, "num_statements": 2, "percent_covered": 0.0, "percent_covered_display": "0", "missing_lines": 2, "excluded_lines": 0, "percent_statements_covered": 0.0, "percent_statements_covered_display": "0"}, "missing_lines": [174, 175], "excluded_lines": [], "start_line": 172}, "install_github_actions_runner": {"executed_lines": [], "summary": {"covered_lines": 0, "num_statements": 5, "percent_covered": 0.0, "percent_covered_display": "0", "missing_lines": 5, "excluded_lines": 0, "percent_statements_covered": 0.0, "percent_statements_covered_display": "0"}, "missing_lines": [180, 182, 183, 184, 186], "excluded_lines": [], "start_line": 178}, "install_ssm_agent": {"executed_lines": [], "summary": {"covered_lines": 0, "num_statements": 4, "percent_covered": 0.0, "percent_covered_display": "0", "missing_lines": 4, "excluded_lines": 0, "percent_statements_covered": 0.0, "percent_statements_covered_display": "0"}, "missing_lines": [191, 193, 194, 195], "excluded_lines": [], "start_line": 189}, "install_cloudwatch_agent": {"executed_lines": [], "summary": {"covered_lines": 0, "num_statements": 3, "percent_covered": 0.0, "percent_covered_display": "0", "missing_lines": 3, "excluded_lines": 0, "percent_statements_covered": 0.0, "percent_statements_covered_display": "0"}, "missing_lines": [200, 202, 203], "excluded_lines": [], "start_line": 198}, "configure_cloudwatch_agent": {"executed_lines": [], "summary": {"covered_lines": 0, "num_statements": 3, "percent_covered": 0.0, "percent_covered_display": "0", "missing_lines": 3, "excluded_lines": 0, "percent_statements_covered": 0.0, "percent_statements_covered_display": "0"}, "missing_lines": [208, 209, 210], "excluded_lines": [], "start_line": 206}, "cleanup_temp_files": {"executed_lines": [], "summary": {"covered_lines": 0, "num_statements": 1, "percent_covered": 0.0, "percent_covered_display": "0", "missing_lines": 1, "excluded_lines": 0, "percent_statements_covered": 0.0, "percent_statements_covered_display": "0"}, "missing_lines": [215], "excluded_lines": [], "start_line": 213}, "main": {"executed_lines": [], "summary": {"covered_lines": 0, "num_statements": 26, "percent_covered": 0.0, "percent_covered_display": "0", "missing_lines": 26, "excluded_lines": 0, "percent_statements_covered": 0.0, "percent_statements_covered_display": "0"}, "missing_lines": [220, 221, 222, 223, 224, 225, 227, 228, 230, 231, 232, 233, 234, 235, 236, 237, 238, 239, 240, 241, 242, 243, 244, 245, 246, 248], "excluded_lines": [], "start_line": 218}, "": {"executed_lines": [], "summary": {"covered_lines": 0, "num_statements": 27, "percent_covered": 0.0, "percent_covered_display": "0", "missing_lines": 27, "excluded_lines": 0, "percent_statements_covered": 0.0, "percent_statements_covered_display": "0"}, "missing_lines": [3, 4, 5, 6, 9, 28, 35, 44, 59, 77, 99, 124, 131, 136, 141, 146, 154, 163, 172, 178, 189, 198, 206, 213, 218, 251, 252], "excluded_lines": [], "start_line": 1}}, "classes": {"": {"executed_lines": [], "summary": {"covered_lines": 0, "num_statements": 122, "percent_covered": 0.0, "percent_covered_display": "0", "missing_lines": 122, "excluded_lines": 0, "percent_statements_covered": 0.0, "percent_statements_covered_display": "0"}, "missing_lines": [3, 4, 5, 6, 9, 11, 12, 19, 20, 21, 22, 23, 24, 25, 28, 30, 35, 37, 38, 39, 40, 41, 44, 46, 47, 48, 49, 50, 56, 59, 61, 62, 63, 65, 66, 67, 74, 77, 79, 80, 95, 96, 99, 101, 121, 124, 126, 127, 128, 131, 133, 136, 138, 141, 143, 146, 148, 150, 151, 154, 156, 158, 159, 160, 163, 165, 167, 168, 169, 172, 174, 175, 178, 180, 182, 183, 184, 186, 189, 191, 193, 194, 195, 198, 200, 202, 203, 206, 208, 209, 210, 213, 215, 218, 220, 221, 222, 223, 224, 225, 227, 228, 230, 231, 232, 233, 234, 235, 236, 237, 238, 239, 240, 241, 242, 243, 244, 245, 246, 248, 251, 252], "excluded_lines": [], "start_line": 1}}}}, "totals": {"covered_lines": 479, "num_statements": 958, "percent_covered": 50.0, "percent_covered_display": "50", "missing_lines": 479, "excluded_lines": 0, "percent_statements_covered": 50.0, "percent_statements_covered_display": "50"}}